d:\work\kdpc3dshow\kdpc3dshow\debug\moc_kdpc3dshow.obj
d:\work\kdpc3dshow\kdpc3dshow\debug\qrc_kdpc3dshow.obj
d:\work\kdpc3dshow\kdpc3dshow\debug\main.obj
d:\work\kdpc3dshow\kdpc3dshow\debug\pointcloud.obj
d:\work\kdpc3dshow\kdpc3dshow\debug\kdpc3dshow.obj
d:\work\kdpc3dshow\kdpc3dshow\debug\vc140.pdb
d:\work\kdpc3dshow\kdpc3dshow\generatedfiles\ui_kdpc3dshow.h
d:\work\kdpc3dshow\kdpc3dshow\generatedfiles\qrc_kdpc3dshow.cpp
d:\work\kdpc3dshow\kdpc3dshow\generatedfiles\debug\moc_kdpc3dshow.cpp
d:\work\kdpc3dshow\win32\debug\kdpc3dshow.ilk
d:\work\kdpc3dshow\win32\debug\kdpc3dshow.exe
d:\work\kdpc3dshow\win32\debug\kdpc3dshow.pdb
d:\work\kdpc3dshow\kdpc3dshow\.\generatedfiles\debug\moc_kdpc3dshow.cpp
d:\work\kdpc3dshow\kdpc3dshow\.\generatedfiles\qrc_kdpc3dshow.cpp
d:\work\kdpc3dshow\kdpc3dshow\.\generatedfiles\ui_kdpc3dshow.h
d:\work\kdpc3dshow\kdpc3dshow\debug\kdpc3dshow.tlog\cl.command.1.tlog
d:\work\kdpc3dshow\kdpc3dshow\debug\kdpc3dshow.tlog\cl.read.1.tlog
d:\work\kdpc3dshow\kdpc3dshow\debug\kdpc3dshow.tlog\cl.write.1.tlog
d:\work\kdpc3dshow\kdpc3dshow\debug\kdpc3dshow.tlog\kdpc3dshow.write.1u.tlog
d:\work\kdpc3dshow\kdpc3dshow\debug\kdpc3dshow.tlog\link.command.1.tlog
d:\work\kdpc3dshow\kdpc3dshow\debug\kdpc3dshow.tlog\link.read.1.tlog
d:\work\kdpc3dshow\kdpc3dshow\debug\kdpc3dshow.tlog\link.write.1.tlog
d:\work\kdpc3dshow\kdpc3dshow\debug\kdpc3dshow.tlog\moc.read.1u.tlog
d:\work\kdpc3dshow\kdpc3dshow\debug\kdpc3dshow.tlog\moc.write.1u.tlog
d:\work\kdpc3dshow\kdpc3dshow\debug\kdpc3dshow.tlog\rcc.read.1u.tlog
d:\work\kdpc3dshow\kdpc3dshow\debug\kdpc3dshow.tlog\rcc.write.1u.tlog
d:\work\kdpc3dshow\kdpc3dshow\debug\kdpc3dshow.tlog\uic.read.1u.tlog
d:\work\kdpc3dshow\kdpc3dshow\debug\kdpc3dshow.tlog\uic.write.1u.tlog
